<?xml version="1.0" encoding="UTF-8"?>
<!-- Generated by org.testng.reporters.JUnitReportReporter -->
<testsuite hostname="Sangs-MBP" failures="0" tests="15" name="TestsCICD" time="0.070" errors="5" timestamp="2021-10-25T16:59:25 CDT" skipped="10">
  <testcase classname="TestsCICD" name="RandomTest3" time="0.000">
    <skipped/>
  </testcase> <!-- RandomTest3 -->
  <system-out/>
  <testcase classname="TestsCICD" name="RandomTest10" time="0.000">
    <skipped/>
  </testcase> <!-- RandomTest10 -->
  <system-out/>
  <testcase classname="TestsCICD" name="SetUp" time="0.014">
    <error message="&#039;org.openqa.selenium.chromium.ChromiumOptions org.openqa.selenium.chrome.ChromeOptions.addArguments(java.lang.String[])&#039;" type="java.lang.NoSuchMethodError">
      <![CDATA[java.lang.NoSuchMethodError: 'org.openqa.selenium.chromium.ChromiumOptions org.openqa.selenium.chrome.ChromeOptions.addArguments(java.lang.String[])'
at BrowserOptions.getChromeOptions(BrowserOptions.java:7)
at CapabilitiesOptions.getCapabilities(CapabilitiesOptions.java:8)
at BaseTest.SetUp(BaseTest.java:17)
at java.base/jdk.internal.reflect.NativeMethodAccessorImpl.invoke0(Native Method)
at java.base/jdk.internal.reflect.NativeMethodAccessorImpl.invoke(NativeMethodAccessorImpl.java:64)
at java.base/jdk.internal.reflect.DelegatingMethodAccessorImpl.invoke(DelegatingMethodAccessorImpl.java:43)
at java.base/java.lang.reflect.Method.invoke(Method.java:564)
at org.testng.internal.MethodInvocationHelper.invokeMethod(MethodInvocationHelper.java:134)
at org.testng.internal.MethodInvocationHelper.invokeMethodConsideringTimeout(MethodInvocationHelper.java:63)
at org.testng.internal.ConfigInvoker.invokeConfigurationMethod(ConfigInvoker.java:348)
at org.testng.internal.ConfigInvoker.invokeConfigurations(ConfigInvoker.java:302)
at org.testng.internal.TestInvoker.runConfigMethods(TestInvoker.java:695)
at org.testng.internal.TestInvoker.invokeMethod(TestInvoker.java:523)
at org.testng.internal.TestInvoker.invokeTestMethod(TestInvoker.java:173)
at org.testng.internal.MethodRunner.runInSequence(MethodRunner.java:46)
at org.testng.internal.TestInvoker$MethodInvocationAgent.invoke(TestInvoker.java:816)
at org.testng.internal.TestInvoker.invokeTestMethods(TestInvoker.java:146)
at org.testng.internal.TestMethodWorker.invokeTestMethods(TestMethodWorker.java:146)
at org.testng.internal.TestMethodWorker.run(TestMethodWorker.java:128)
at java.base/java.util.concurrent.ThreadPoolExecutor.runWorker(ThreadPoolExecutor.java:1130)
at java.base/java.util.concurrent.ThreadPoolExecutor$Worker.run(ThreadPoolExecutor.java:630)
at java.base/java.lang.Thread.run(Thread.java:832)
]]>
    </error>
  </testcase> <!-- SetUp -->
  <system-out/>
  <testcase classname="TestsCICD" name="RandomTest6" time="0.000">
    <skipped/>
  </testcase> <!-- RandomTest6 -->
  <system-out/>
  <testcase classname="TestsCICD" name="RandomTest4" time="0.000">
    <skipped/>
  </testcase> <!-- RandomTest4 -->
  <system-out/>
  <testcase classname="TestsCICD" name="SetUp" time="0.014">
    <error message="&#039;org.openqa.selenium.chromium.ChromiumOptions org.openqa.selenium.chrome.ChromeOptions.addArguments(java.lang.String[])&#039;" type="java.lang.NoSuchMethodError">
      <![CDATA[java.lang.NoSuchMethodError: 'org.openqa.selenium.chromium.ChromiumOptions org.openqa.selenium.chrome.ChromeOptions.addArguments(java.lang.String[])'
at BrowserOptions.getChromeOptions(BrowserOptions.java:7)
at CapabilitiesOptions.getCapabilities(CapabilitiesOptions.java:8)
at BaseTest.SetUp(BaseTest.java:17)
at java.base/jdk.internal.reflect.NativeMethodAccessorImpl.invoke0(Native Method)
at java.base/jdk.internal.reflect.NativeMethodAccessorImpl.invoke(NativeMethodAccessorImpl.java:64)
at java.base/jdk.internal.reflect.DelegatingMethodAccessorImpl.invoke(DelegatingMethodAccessorImpl.java:43)
at java.base/java.lang.reflect.Method.invoke(Method.java:564)
at org.testng.internal.MethodInvocationHelper.invokeMethod(MethodInvocationHelper.java:134)
at org.testng.internal.MethodInvocationHelper.invokeMethodConsideringTimeout(MethodInvocationHelper.java:63)
at org.testng.internal.ConfigInvoker.invokeConfigurationMethod(ConfigInvoker.java:348)
at org.testng.internal.ConfigInvoker.invokeConfigurations(ConfigInvoker.java:302)
at org.testng.internal.TestInvoker.runConfigMethods(TestInvoker.java:695)
at org.testng.internal.TestInvoker.invokeMethod(TestInvoker.java:523)
at org.testng.internal.TestInvoker.invokeTestMethod(TestInvoker.java:173)
at org.testng.internal.MethodRunner.runInSequence(MethodRunner.java:46)
at org.testng.internal.TestInvoker$MethodInvocationAgent.invoke(TestInvoker.java:816)
at org.testng.internal.TestInvoker.invokeTestMethods(TestInvoker.java:146)
at org.testng.internal.TestMethodWorker.invokeTestMethods(TestMethodWorker.java:146)
at org.testng.internal.TestMethodWorker.run(TestMethodWorker.java:128)
at java.base/java.util.concurrent.ThreadPoolExecutor.runWorker(ThreadPoolExecutor.java:1130)
at java.base/java.util.concurrent.ThreadPoolExecutor$Worker.run(ThreadPoolExecutor.java:630)
at java.base/java.lang.Thread.run(Thread.java:832)
]]>
    </error>
  </testcase> <!-- SetUp -->
  <system-out/>
  <testcase classname="TestsCICD" name="SetUp" time="0.014">
    <error message="&#039;org.openqa.selenium.chromium.ChromiumOptions org.openqa.selenium.chrome.ChromeOptions.addArguments(java.lang.String[])&#039;" type="java.lang.NoSuchMethodError">
      <![CDATA[java.lang.NoSuchMethodError: 'org.openqa.selenium.chromium.ChromiumOptions org.openqa.selenium.chrome.ChromeOptions.addArguments(java.lang.String[])'
at BrowserOptions.getChromeOptions(BrowserOptions.java:7)
at CapabilitiesOptions.getCapabilities(CapabilitiesOptions.java:8)
at BaseTest.SetUp(BaseTest.java:17)
at java.base/jdk.internal.reflect.NativeMethodAccessorImpl.invoke0(Native Method)
at java.base/jdk.internal.reflect.NativeMethodAccessorImpl.invoke(NativeMethodAccessorImpl.java:64)
at java.base/jdk.internal.reflect.DelegatingMethodAccessorImpl.invoke(DelegatingMethodAccessorImpl.java:43)
at java.base/java.lang.reflect.Method.invoke(Method.java:564)
at org.testng.internal.MethodInvocationHelper.invokeMethod(MethodInvocationHelper.java:134)
at org.testng.internal.MethodInvocationHelper.invokeMethodConsideringTimeout(MethodInvocationHelper.java:63)
at org.testng.internal.ConfigInvoker.invokeConfigurationMethod(ConfigInvoker.java:348)
at org.testng.internal.ConfigInvoker.invokeConfigurations(ConfigInvoker.java:302)
at org.testng.internal.TestInvoker.runConfigMethods(TestInvoker.java:695)
at org.testng.internal.TestInvoker.invokeMethod(TestInvoker.java:523)
at org.testng.internal.TestInvoker.invokeTestMethod(TestInvoker.java:173)
at org.testng.internal.MethodRunner.runInSequence(MethodRunner.java:46)
at org.testng.internal.TestInvoker$MethodInvocationAgent.invoke(TestInvoker.java:816)
at org.testng.internal.TestInvoker.invokeTestMethods(TestInvoker.java:146)
at org.testng.internal.TestMethodWorker.invokeTestMethods(TestMethodWorker.java:146)
at org.testng.internal.TestMethodWorker.run(TestMethodWorker.java:128)
at java.base/java.util.concurrent.ThreadPoolExecutor.runWorker(ThreadPoolExecutor.java:1130)
at java.base/java.util.concurrent.ThreadPoolExecutor$Worker.run(ThreadPoolExecutor.java:630)
at java.base/java.lang.Thread.run(Thread.java:832)
]]>
    </error>
  </testcase> <!-- SetUp -->
  <system-out/>
  <testcase classname="TestsCICD" name="RandomTest5" time="0.000">
    <skipped/>
  </testcase> <!-- RandomTest5 -->
  <system-out/>
  <testcase classname="TestsCICD" name="RandomTest2" time="0.000">
    <skipped/>
  </testcase> <!-- RandomTest2 -->
  <system-out/>
  <testcase classname="TestsCICD" name="RandomTest7" time="0.000">
    <skipped/>
  </testcase> <!-- RandomTest7 -->
  <system-out/>
  <testcase classname="TestsCICD" name="RandomTest9" time="0.000">
    <skipped/>
  </testcase> <!-- RandomTest9 -->
  <system-out/>
  <testcase classname="TestsCICD" name="SetUp" time="0.014">
    <error message="&#039;org.openqa.selenium.chromium.ChromiumOptions org.openqa.selenium.chrome.ChromeOptions.addArguments(java.lang.String[])&#039;" type="java.lang.NoSuchMethodError">
      <![CDATA[java.lang.NoSuchMethodError: 'org.openqa.selenium.chromium.ChromiumOptions org.openqa.selenium.chrome.ChromeOptions.addArguments(java.lang.String[])'
at BrowserOptions.getChromeOptions(BrowserOptions.java:7)
at CapabilitiesOptions.getCapabilities(CapabilitiesOptions.java:8)
at BaseTest.SetUp(BaseTest.java:17)
at java.base/jdk.internal.reflect.NativeMethodAccessorImpl.invoke0(Native Method)
at java.base/jdk.internal.reflect.NativeMethodAccessorImpl.invoke(NativeMethodAccessorImpl.java:64)
at java.base/jdk.internal.reflect.DelegatingMethodAccessorImpl.invoke(DelegatingMethodAccessorImpl.java:43)
at java.base/java.lang.reflect.Method.invoke(Method.java:564)
at org.testng.internal.MethodInvocationHelper.invokeMethod(MethodInvocationHelper.java:134)
at org.testng.internal.MethodInvocationHelper.invokeMethodConsideringTimeout(MethodInvocationHelper.java:63)
at org.testng.internal.ConfigInvoker.invokeConfigurationMethod(ConfigInvoker.java:348)
at org.testng.internal.ConfigInvoker.invokeConfigurations(ConfigInvoker.java:302)
at org.testng.internal.TestInvoker.runConfigMethods(TestInvoker.java:695)
at org.testng.internal.TestInvoker.invokeMethod(TestInvoker.java:523)
at org.testng.internal.TestInvoker.invokeTestMethod(TestInvoker.java:173)
at org.testng.internal.MethodRunner.runInSequence(MethodRunner.java:46)
at org.testng.internal.TestInvoker$MethodInvocationAgent.invoke(TestInvoker.java:816)
at org.testng.internal.TestInvoker.invokeTestMethods(TestInvoker.java:146)
at org.testng.internal.TestMethodWorker.invokeTestMethods(TestMethodWorker.java:146)
at org.testng.internal.TestMethodWorker.run(TestMethodWorker.java:128)
at java.base/java.util.concurrent.ThreadPoolExecutor.runWorker(ThreadPoolExecutor.java:1130)
at java.base/java.util.concurrent.ThreadPoolExecutor$Worker.run(ThreadPoolExecutor.java:630)
at java.base/java.lang.Thread.run(Thread.java:832)
]]>
    </error>
  </testcase> <!-- SetUp -->
  <system-out/>
  <testcase classname="TestsCICD" name="SetUp" time="0.014">
    <error message="&#039;org.openqa.selenium.chromium.ChromiumOptions org.openqa.selenium.chrome.ChromeOptions.addArguments(java.lang.String[])&#039;" type="java.lang.NoSuchMethodError">
      <![CDATA[java.lang.NoSuchMethodError: 'org.openqa.selenium.chromium.ChromiumOptions org.openqa.selenium.chrome.ChromeOptions.addArguments(java.lang.String[])'
at BrowserOptions.getChromeOptions(BrowserOptions.java:7)
at CapabilitiesOptions.getCapabilities(CapabilitiesOptions.java:8)
at BaseTest.SetUp(BaseTest.java:17)
at java.base/jdk.internal.reflect.NativeMethodAccessorImpl.invoke0(Native Method)
at java.base/jdk.internal.reflect.NativeMethodAccessorImpl.invoke(NativeMethodAccessorImpl.java:64)
at java.base/jdk.internal.reflect.DelegatingMethodAccessorImpl.invoke(DelegatingMethodAccessorImpl.java:43)
at java.base/java.lang.reflect.Method.invoke(Method.java:564)
at org.testng.internal.MethodInvocationHelper.invokeMethod(MethodInvocationHelper.java:134)
at org.testng.internal.MethodInvocationHelper.invokeMethodConsideringTimeout(MethodInvocationHelper.java:63)
at org.testng.internal.ConfigInvoker.invokeConfigurationMethod(ConfigInvoker.java:348)
at org.testng.internal.ConfigInvoker.invokeConfigurations(ConfigInvoker.java:302)
at org.testng.internal.TestInvoker.runConfigMethods(TestInvoker.java:695)
at org.testng.internal.TestInvoker.invokeMethod(TestInvoker.java:523)
at org.testng.internal.TestInvoker.invokeTestMethod(TestInvoker.java:173)
at org.testng.internal.MethodRunner.runInSequence(MethodRunner.java:46)
at org.testng.internal.TestInvoker$MethodInvocationAgent.invoke(TestInvoker.java:816)
at org.testng.internal.TestInvoker.invokeTestMethods(TestInvoker.java:146)
at org.testng.internal.TestMethodWorker.invokeTestMethods(TestMethodWorker.java:146)
at org.testng.internal.TestMethodWorker.run(TestMethodWorker.java:128)
at java.base/java.util.concurrent.ThreadPoolExecutor.runWorker(ThreadPoolExecutor.java:1130)
at java.base/java.util.concurrent.ThreadPoolExecutor$Worker.run(ThreadPoolExecutor.java:630)
at java.base/java.lang.Thread.run(Thread.java:832)
]]>
    </error>
  </testcase> <!-- SetUp -->
  <system-out/>
  <testcase classname="TestsCICD" name="RandomTest" time="0.000">
    <skipped/>
  </testcase> <!-- RandomTest -->
  <system-out/>
  <testcase classname="TestsCICD" name="RandomTest8" time="0.000">
    <skipped/>
  </testcase> <!-- RandomTest8 -->
  <system-out/>
</testsuite> <!-- TestsCICD -->
