<?xml version="1.0" encoding="UTF-8"?>
<!-- Generated by org.testng.reporters.JUnitReportReporter -->
<testsuite hostname="Sangs-MBP" failures="0" tests="10" name="TestsCICD" time="24.911" errors="0" timestamp="2021-10-25T18:23:31 CDT" skipped="0">
  <testcase classname="TestsCICD" name="RandomTest10" time="1.928"/>
  <system-out/>
  <testcase classname="TestsCICD" name="RandomTest3" time="2.683"/>
  <system-out/>
  <testcase classname="TestsCICD" name="RandomTest7" time="2.129"/>
  <system-out/>
  <testcase classname="TestsCICD" name="RandomTest2" time="3.093"/>
  <system-out/>
  <testcase classname="TestsCICD" name="RandomTest5" time="2.374"/>
  <system-out/>
  <testcase classname="TestsCICD" name="RandomTest4" time="2.402"/>
  <system-out/>
  <testcase classname="TestsCICD" name="RandomTest8" time="2.512"/>
  <system-out/>
  <testcase classname="TestsCICD" name="RandomTest6" time="2.681"/>
  <system-out/>
  <testcase classname="TestsCICD" name="RandomTest" time="2.598"/>
  <system-out/>
  <testcase classname="TestsCICD" name="RandomTest9" time="2.511"/>
  <system-out/>
</testsuite> <!-- TestsCICD -->
